Process 2 (pid 21341, parent 21339) has STARTED
Process 2 received all STARTED messages
Process 2 has DONE its work
Process 2 received all DONE messages
Process 1 (pid 21340, parent 21339) has STARTED
Process 1 received all STARTED messages
Process 1 has DONE its work
Process 1 received all DONE messages
Process 1 (pid 21599, parent 21598) has STARTED
Process 1 received all STARTED messages
Process 1 has DONE its work
Process 1 received all DONE messages
Process 2 (pid 21600, parent 21598) has STARTED
Process 2 received all STARTED messages
Process 2 has DONE its work
Process 2 received all DONE messages
Process 1 (pid 13110, parent 13109) has STARTED
Process 1 received all STARTED messages
Process 1 has DONE its work
Process 1 received all DONE messages
Process 2 (pid 13111, parent 13109) has STARTED
Process 2 received all STARTED messages
Process 2 has DONE its work
Process 2 received all DONE messages
Process 2 (pid  7282, parent  7280) has STARTED
Process 2 received all STARTED messages
Process 2 has DONE its work
Process 2 received all DONE messages
Process 1 (pid  7281, parent  7280) has STARTED
Process 1 received all STARTED messages
Process 1 has DONE its work
Process 1 received all DONE messages
Process 1 (pid 11822, parent 11821) has STARTED
Process 1 received all STARTED messages
Process 1 has DONE its work
Process 1 received all DONE messages
Process 2 (pid 11823, parent 11821) has STARTED
Process 2 received all STARTED messages
Process 2 has DONE its work
Process 2 received all DONE messages
Process 2 (pid 11843, parent 11841) has STARTED
Process 2 received all STARTED messages
Process 2 has DONE its work
Process 2 received all DONE messages
Process 1 (pid 11842, parent 11841) has STARTED
Process 1 received all STARTED messages
Process 1 has DONE its work
Process 1 received all DONE messages
Process 1 (pid 11939, parent 11938) has STARTED
Process 1 received all STARTED messages
Process 1 has DONE its work
Process 1 received all DONE messages
Process 2 (pid 11940, parent 11938) has STARTED
Process 2 received all STARTED messages
Process 2 has DONE its work
Process 2 received all DONE messages
Process 1 (pid 12209, parent 12208) has STARTED
Process 1 received all STARTED messages
Process 1 has DONE its work
Process 1 received all DONE messages
Process 1 (pid 12276, parent 12275) has STARTED
Process 1 received all STARTED messages
Process 1 has DONE its work
Process 1 received all DONE messages
Process 1 (pid 12681, parent 12680) has STARTED
Process 1 received all STARTED messages
Process 1 has DONE its work
Process 1 received all DONE messages
Process 1 (pid 14683, parent 14682) has STARTED
Process 1 received all STARTED messages
Process 1 has DONE its work
Process 1 received all DONE messages
Process 1 (pid 14753, parent 14752) has STARTED
Process 1 received all STARTED messages
Process 1 has DONE its work
Process 1 received all DONE messages
Process 1 (pid 15095, parent 15094) has STARTED
Process 1 received all STARTED messages
Process 1 has DONE its work
Process 1 received all DONE messages
Process 1 (pid 15575, parent 15574) has STARTED
Process 1 received all STARTED messages
Process 1 has DONE its work
Process 1 received all DONE messages
Process 2 (pid 15576, parent 15574) has STARTED
Process 2 received all STARTED messages
Process 2 has DONE its work
Process 2 received all DONE messages
Process 2 (pid 15651, parent 15649) has STARTED
Process 2 received all STARTED messages
Process 2 has DONE its work
Process 2 received all DONE messages
Process 1 (pid 15650, parent 15649) has STARTED
Process 1 received all STARTED messages
Process 1 has DONE its work
Process 1 received all DONE messages
Process 1 (pid 18151, parent 18150) has STARTED
Process 1 received all STARTED messages
Process 1 has DONE its work
Process 1 received all DONE messages
Process 1 (pid 18183, parent 18182) has STARTED
Process 1 received all STARTED messages
Process 1 has DONE its work
Process 1 received all DONE messages
Process 2 (pid 18184, parent 18182) has STARTED
Process 2 received all STARTED messages
Process 2 has DONE its work
Process 2 received all DONE messages
Process 3 (pid 18185, parent 18182) has STARTED
Process 3 received all STARTED messages
Process 3 has DONE its work
Process 3 received all DONE messages
Process 2 (pid 20856, parent 20854) has STARTED
Process 2 received all STARTED messages
Process 2 has DONE its work
Process 2 received all DONE messages
Process 1 (pid 20855, parent 20854) has STARTED
Process 1 received all STARTED messages
Process 1 has DONE its work
Process 1 received all DONE messages
Process 1 (pid 20881, parent 20880) has STARTED
Process 1 received all STARTED messages
Process 1 has DONE its work
Process 1 received all DONE messages
Process 2 (pid 21614, parent 21612) has STARTED
Process 2 received all STARTED messages
Process 2 has DONE its work
Process 2 received all DONE messages
Process 1 (pid 21668, parent 21667) has STARTED
Process 1 received all STARTED messages
Process 1 has DONE its work
Process 1 received all DONE messages
Process 1 (pid 21696, parent 21695) has STARTED
Process 1 received all STARTED messages
Process 1 has DONE its work
Process 1 received all DONE messages
Process 1 (pid 21821, parent 21820) has STARTED
Process 1 received all STARTED messages
Process 1 has DONE its work
Process 1 received all DONE messages
Process 1 (pid 30698, parent 30697) has STARTED
Process 1 received all STARTED messages
Process 1 has DONE its work
Process 1 received all DONE messages
Process 1 (pid 33971, parent 33970) has STARTED
Process 1 received all STARTED messages
Process 1 has DONE its work
Process 1 received all DONE messages
Process 2 (pid 33972, parent 33970) has STARTED
Process 2 received all STARTED messages
Process 2 has DONE its work
Process 2 received all DONE messages
Process 1 (pid 35703, parent 35702) has STARTED
Process 1 received all STARTED messages
Process 1 has DONE its work
Process 1 received all DONE messages
Process 2 (pid 35704, parent 35702) has STARTED
Process 2 received all STARTED messages
Process 2 has DONE its work
Process 2 received all DONE messages
Process 2 (pid 36201, parent 36199) has STARTED
Process 2 received all STARTED messages
Process 2 has DONE its work
Process 2 received all DONE messages
Process 1 (pid 36200, parent 36199) has STARTED
Process 1 received all STARTED messages
Process 1 has DONE its work
Process 1 received all DONE messages
Process 1 (pid 36448, parent 36447) has STARTED
Process 1 received all STARTED messages
Process 1 has DONE its work
Process 1 received all DONE messages
Process 1 (pid 38583, parent 38582) has STARTED
Process 1 received all STARTED messages
Process 1 has DONE its work
Process 1 received all DONE messages
Process 2 (pid 38584, parent 38582) has STARTED
Process 2 received all STARTED messages
Process 2 has DONE its work
Process 2 received all DONE messages
Process 1 (pid 39239, parent 39238) has STARTED
Process 1 received all STARTED messages
Process 1 has DONE its work
Process 1 received all DONE messages
Process 1 (pid 39631, parent 39630) has STARTED
Process 1 received all STARTED messages
Process 1 has DONE its work
Process 1 received all DONE messages
Process 1 (pid 40566, parent 40565) has STARTED
Process 1 received all STARTED messages
Process 1 has DONE its work
Process 1 received all DONE messages
Process 1 (pid 42532, parent 42531) has STARTED
Process 1 received all STARTED messages
Process 1 has DONE its work
Process 1 received all DONE messages
Process 1 (pid 42887, parent 42886) has STARTED
Process 1 received all STARTED messages
Process 1 has DONE its work
Process 1 received all DONE messages
Process 1 (pid 43522, parent 43521) has STARTED
Process 1 received all STARTED messages
Process 1 has DONE its work
Process 1 received all DONE messages
Process 1 (pid 43808, parent 43807) has STARTED
Process 1 received all STARTED messages
Process 1 has DONE its work
Process 1 received all DONE messages
Process 1 (pid 43961, parent 43960) has STARTED
Process 1 received all STARTED messages
Process 1 has DONE its work
Process 1 received all DONE messages
Process 1 (pid 18729, parent 18728) has STARTED
Process 1 received all STARTED messages
Process 1 has DONE its work
Process 1 received all DONE messages
Process 3 (pid 18731, parent 18728) has STARTED
Process 3 received all STARTED messages
Process 3 has DONE its work
Process 3 received all DONE messages
Process 2 (pid 18730, parent 18728) has STARTED
Process 2 received all STARTED messages
Process 2 has DONE its work
Process 2 received all DONE messages
Process 1 (pid 22978, parent 22977) has STARTED
Process 1 received all STARTED messages
Process 1 has DONE its work
Process 1 received all DONE messages
Process 2 (pid 23031, parent 23029) has STARTED
Process 2 received all STARTED messages
Process 2 has DONE its work
Process 2 received all DONE messages
Process 2 (pid 23101, parent 23099) has STARTED
Process 2 received all STARTED messages
Process 2 has DONE its work
Process 2 received all DONE messages
Process 1 (pid 23100, parent 23099) has STARTED
Process 1 received all STARTED messages
Process 1 has DONE its work
Process 1 received all DONE messages
Process 1 (pid 23105, parent 23104) has STARTED
Process 1 received all STARTED messages
Process 1 has DONE its work
Process 1 received all DONE messages
Process 3 (pid 23107, parent 23104) has STARTED
Process 3 received all STARTED messages
Process 3 has DONE its work
Process 3 received all DONE messages
Process 1 (pid 23137, parent 23136) has STARTED
Process 1 received all STARTED messages
Process 1 has DONE its work
Process 1 received all DONE messages
Process 2 (pid 23138, parent 23136) has STARTED
Process 2 received all STARTED messages
Process 2 has DONE its work
Process 2 received all DONE messages
Process 2 (pid 23161, parent 23159) has STARTED
Process 2 received all STARTED messages
Process 2 has DONE its work
Process 2 received all DONE messages
Process 1 (pid 23160, parent 23159) has STARTED
Process 1 received all STARTED messages
Process 1 has DONE its work
Process 1 received all DONE messages
Process 2 (pid 23191, parent 23189) has STARTED
Process 2 received all STARTED messages
Process 2 has DONE its work
Process 2 received all DONE messages
Process 1 (pid 23190, parent 23189) has STARTED
Process 1 received all STARTED messages
Process 1 has DONE its work
Process 1 received all DONE messages
Process 2 (pid 23345, parent 23343) has STARTED
Process 2 received all STARTED messages
Process 2 has DONE its work
Process 2 received all DONE messages
Process 1 (pid 23344, parent 23343) has STARTED
Process 1 received all STARTED messages
Process 1 has DONE its work
Process 1 received all DONE messages
Process 1 (pid 23350, parent 23349) has STARTED
Process 1 received all STARTED messages
Process 1 has DONE its work
Process 1 received all DONE messages
Process 3 (pid 23352, parent 23349) has STARTED
Process 3 received all STARTED messages
Process 3 has DONE its work
Process 3 received all DONE messages
Process 1 (pid 23360, parent 23359) has STARTED
Process 1 received all STARTED messages
Process 1 has DONE its work
Process 1 received all DONE messages
Process 5 (pid 23364, parent 23359) has STARTED
Process 5 received all STARTED messages
Process 5 has DONE its work
Process 5 received all DONE messages
Process 1 (pid 23511, parent 23510) has STARTED
Process 1 received all STARTED messages
Process 1 has DONE its work
Process 1 received all DONE messages
Process 5 (pid 23515, parent 23510) has STARTED
Process 5 received all STARTED messages
Process 5 has DONE its work
Process 5 received all DONE messages
Process 1 (pid 23558, parent 23557) has STARTED
Process 1 received all STARTED messages
Process 1 has DONE its work
Process 1 received all DONE messages
Process 5 (pid 23562, parent 23557) has STARTED
Process 5 received all STARTED messages
Process 5 has DONE its work
Process 5 received all DONE messages
Process 1 (pid 23676, parent 23675) has STARTED
Process 1 received all STARTED messages
Process 1 has DONE its work
Process 1 received all DONE messages
Process 5 (pid 23680, parent 23675) has STARTED
Process 5 received all STARTED messages
Process 5 has DONE its work
Process 5 received all DONE messages
Process 1 (pid 23733, parent 23732) has STARTED
Process 1 received all STARTED messages
Process 1 has DONE its work
Process 1 received all DONE messages
Process 5 (pid 23737, parent 23732) has STARTED
Process 5 received all STARTED messages
Process 5 has DONE its work
Process 5 received all DONE messages
Process 1 (pid 23783, parent 23782) has STARTED
Process 1 received all STARTED messages
Process 1 has DONE its work
Process 1 received all DONE messages
Process 5 (pid 23787, parent 23782) has STARTED
Process 5 received all STARTED messages
Process 5 has DONE its work
Process 5 received all DONE messages
Process 1 (pid 23951, parent 23950) has STARTED
Process 1 received all STARTED messages
Process 1 has DONE its work
Process 1 received all DONE messages
Process 5 (pid 23955, parent 23950) has STARTED
Process 5 received all STARTED messages
Process 5 has DONE its work
Process 5 received all DONE messages
Process 1 (pid 25217, parent 25216) has STARTED
Process 1 received all STARTED messages
Process 1 has DONE its work
Process 1 received all DONE messages
Process 5 (pid 25221, parent 25216) has STARTED
Process 5 received all STARTED messages
Process 5 has DONE its work
Process 5 received all DONE messages
Process 1 (pid 25611, parent 25610) has STARTED
Process 1 received all STARTED messages
Process 1 has DONE its work
Process 1 received all DONE messages
Process 5 (pid 25615, parent 25610) has STARTED
Process 5 received all STARTED messages
Process 5 has DONE its work
Process 5 received all DONE messages
Process 2 (pid 25732, parent 25730) has STARTED
Process 2 received all STARTED messages
Process 2 has DONE its work
Process 2 received all DONE messages
Process 1 (pid 25731, parent 25730) has STARTED
Process 1 received all STARTED messages
Process 1 has DONE its work
Process 1 received all DONE messages
Process 4 (pid 25734, parent 25730) has STARTED
Process 4 received all STARTED messages
Process 4 has DONE its work
Process 4 received all DONE messages
Process 4 (pid 25771, parent 25767) has STARTED
Process 4 received all STARTED messages
Process 4 has DONE its work
Process 4 received all DONE messages
Process 1 (pid 25768, parent 25767) has STARTED
Process 1 received all STARTED messages
Process 1 has DONE its work
Process 1 received all DONE messages
Process 3 (pid 25770, parent 25767) has STARTED
Process 3 received all STARTED messages
Process 3 has DONE its work
Process 3 received all DONE messages
Process 2 (pid 25769, parent 25767) has STARTED
Process 2 received all STARTED messages
Process 2 has DONE its work
Process 2 received all DONE messages
Process 1 (pid 25816, parent 25815) has STARTED
Process 1 received all STARTED messages
Process 1 has DONE its work
Process 1 received all DONE messages
Process 5 (pid 25820, parent 25815) has STARTED
Process 5 received all STARTED messages
Process 5 has DONE its work
Process 5 received all DONE messages
Process 1 (pid 26106, parent 26105) has STARTED
Process 1 received all STARTED messages
Process 1 has DONE its work
Process 1 received all DONE messages
Process 5 (pid 26110, parent 26105) has STARTED
Process 5 received all STARTED messages
Process 5 has DONE its work
Process 5 received all DONE messages
Process 1 (pid 26302, parent 26301) has STARTED
Process 1 received all STARTED messages
Process 1 has DONE its work
Process 1 received all DONE messages
Process 5 (pid 26306, parent 26301) has STARTED
Process 5 received all STARTED messages
Process 5 has DONE its work
Process 5 received all DONE messages
Process 1 (pid 26356, parent 26355) has STARTED
Process 1 received all STARTED messages
Process 1 has DONE its work
Process 1 received all DONE messages
Process 5 (pid 26360, parent 26355) has STARTED
Process 5 received all STARTED messages
Process 5 has DONE its work
Process 5 received all DONE messages
Process 1 (pid 26419, parent 26418) has STARTED
Process 1 received all STARTED messages
Process 1 has DONE its work
Process 1 received all DONE messages
Process 5 (pid 26423, parent 26418) has STARTED
Process 5 received all STARTED messages
Process 5 has DONE its work
Process 5 received all DONE messages
Process 1 (pid 26501, parent 26500) has STARTED
Process 1 received all STARTED messages
Process 1 has DONE its work
Process 1 received all DONE messages
Process 1 (pid 26546, parent 26545) has STARTED
Process 1 received all STARTED messages
Process 1 has DONE its work
Process 1 received all DONE messages
Process 1 (pid 26584, parent 26583) has STARTED
Process 1 received all STARTED messages
Process 1 has DONE its work
Process 1 received all DONE messages
Process 5 (pid 26588, parent 26583) has STARTED
Process 5 received all STARTED messages
Process 5 has DONE its work
Process 5 received all DONE messages
Process 1 (pid 26787, parent 26786) has STARTED
Process 1 received all STARTED messages
Process 1 has DONE its work
Process 1 received all DONE messages
Process 5 (pid 26791, parent 26786) has STARTED
Process 5 received all STARTED messages
Process 5 has DONE its work
Process 5 received all DONE messages
Process 1 (pid 26921, parent 26920) has STARTED
Process 1 received all STARTED messages
Process 1 has DONE its work
Process 1 received all DONE messages
Process 5 (pid 26925, parent 26920) has STARTED
Process 5 received all STARTED messages
Process 5 has DONE its work
Process 5 received all DONE messages
Process 1 (pid 27130, parent 27129) has STARTED
Process 1 received all STARTED messages
Process 1 has DONE its work
Process 1 received all DONE messages
Process 4 (pid 27464, parent 27460) has STARTED
Process 4 received all STARTED messages
Process 4 has DONE its work
Process 4 received all DONE messages
Process 4 (pid 27512, parent 27508) has STARTED
Process 4 received all STARTED messages
Process 4 has DONE its work
Process 4 received all DONE messages
Process 1 (pid 27775, parent 27774) has STARTED
Process 1 received all STARTED messages
Process 1 has DONE its work
Process 1 received all DONE messages
Process 1 (pid 27884, parent 27883) has STARTED
Process 1 received all STARTED messages
Process 1 has DONE its work
Process 1 received all DONE messages
Process 1 (pid 28002, parent 28001) has STARTED
Process 1 received all STARTED messages
Process 1 has DONE its work
Process 1 received all DONE messages
Process 1 (pid 29836, parent 29835) has STARTED
Process 1 received all STARTED messages
Process 1 has DONE its work
Process 1 received all DONE messages
Process 4 (pid 29839, parent 29835) has STARTED
Process 4 received all STARTED messages
Process 4 has DONE its work
Process 4 received all DONE messages
Process 5 (pid 29840, parent 29835) has STARTED
Process 5 received all STARTED messages
Process 5 has DONE its work
Process 5 received all DONE messages
Process 2 (pid 29837, parent 29835) has STARTED
Process 2 received all STARTED messages
Process 2 has DONE its work
Process 2 received all DONE messages
Process 3 (pid 29838, parent 29835) has STARTED
Process 3 received all STARTED messages
Process 3 has DONE its work
Process 3 received all DONE messages
Process 7 (pid 29842, parent 29835) has STARTED
Process 7 received all STARTED messages
Process 7 has DONE its work
Process 7 received all DONE messages
Process 8 (pid 29843, parent 29835) has STARTED
Process 8 received all STARTED messages
Process 8 has DONE its work
Process 8 received all DONE messages
Process 6 (pid 29841, parent 29835) has STARTED
Process 6 received all STARTED messages
Process 6 has DONE its work
Process 6 received all DONE messages
Process 1 (pid 29856, parent 29855) has STARTED
Process 1 received all STARTED messages
Process 1 has DONE its work
Process 1 received all DONE messages
Process 4 (pid 29859, parent 29855) has STARTED
Process 4 received all STARTED messages
Process 4 has DONE its work
Process 4 received all DONE messages
Process 5 (pid 29860, parent 29855) has STARTED
Process 5 received all STARTED messages
Process 5 has DONE its work
Process 5 received all DONE messages
Process 2 (pid 29857, parent 29855) has STARTED
Process 2 received all STARTED messages
Process 2 has DONE its work
Process 2 received all DONE messages
Process 2 (pid 30635, parent 30633) has STARTED
Process 2 received all STARTED messages
Process 2 has DONE its work
Process 2 received all DONE messages
Process 1 (pid 30634, parent 30633) has STARTED
Process 1 received all STARTED messages
Process 1 has DONE its work
Process 1 received all DONE messages
Process 9 (pid 30642, parent 30633) has STARTED
Process 9 received all STARTED messages
Process 9 has DONE its work
Process 9 received all DONE messages
Process 2 (pid 34940, parent 34938) has STARTED
Process 2 received all STARTED messages
Process 2 has DONE its work
Process 2 received all DONE messages
Process 1 (pid 34939, parent 34938) has STARTED
Process 1 received all STARTED messages
Process 1 has DONE its work
Process 1 received all DONE messages
Process 4 (pid 34942, parent 34938) has STARTED
Process 4 received all STARTED messages
Process 4 has DONE its work
Process 4 received all DONE messages
Process 2 (pid 35628, parent 35626) has STARTED
Process 2 received all STARTED messages
Process 2 has DONE its work
Process 2 received all DONE messages
Process 1 (pid 35627, parent 35626) has STARTED
Process 1 received all STARTED messages
Process 1 has DONE its work
Process 1 received all DONE messages
Process 1 (pid 35643, parent 35642) has STARTED
Process 1 received all STARTED messages
Process 1 has DONE its work
Process 1 received all DONE messages
Process 3 (pid 35645, parent 35642) has STARTED
Process 3 received all STARTED messages
Process 3 has DONE its work
Process 3 received all DONE messages
Process 1 (pid 35718, parent 35717) has STARTED
Process 1 received all STARTED messages
Process 1 has DONE its work
Process 1 received all DONE messages
Process 2 (pid 35719, parent 35717) has STARTED
Process 2 received all STARTED messages
Process 2 has DONE its work
Process 2 received all DONE messages
Process 1 (pid 35793, parent 35792) has STARTED
Process 1 received all STARTED messages
Process 1 has DONE its work
Process 1 received all DONE messages
Process 3 (pid 35795, parent 35792) has STARTED
Process 3 received all STARTED messages
Process 3 has DONE its work
Process 3 received all DONE messages
Process 1 (pid 35815, parent 35814) has STARTED
Process 1 received all STARTED messages
Process 1 has DONE its work
Process 1 received all DONE messages
Process 3 (pid 35817, parent 35814) has STARTED
Process 3 received all STARTED messages
Process 3 has DONE its work
Process 3 received all DONE messages
Process 1 (pid 36028, parent 36027) has STARTED
Process 1 received all STARTED messages
Process 1 has DONE its work
Process 1 received all DONE messages
Process 1 (pid 36249, parent 36248) has STARTED
Process 1 received all STARTED messages
Process 1 has DONE its work
Process 1 received all DONE messages
Process 3 (pid 36251, parent 36248) has STARTED
Process 3 received all STARTED messages
Process 3 has DONE its work
Process 3 received all DONE messages
Process 1 (pid 36419, parent 36418) has STARTED
Process 1 received all STARTED messages
Process 1 has DONE its work
Process 1 received all DONE messages
Process 3 (pid 36421, parent 36418) has STARTED
Process 3 received all STARTED messages
Process 3 has DONE its work
Process 3 received all DONE messages
Process 1 (pid 36450, parent 36449) has STARTED
Process 1 received all STARTED messages
Process 1 has DONE its work
Process 1 received all DONE messages
Process 3 (pid 36452, parent 36449) has STARTED
Process 3 received all STARTED messages
Process 3 has DONE its work
Process 3 received all DONE messages
Process 2 (pid 36451, parent 36449) has STARTED
Process 2 received all STARTED messages
Process 2 has DONE its work
Process 2 received all DONE messages
Process 1 (pid 36487, parent 36486) has STARTED
Process 1 received all STARTED messages
Process 1 has DONE its work
Process 1 received all DONE messages
Process 3 (pid 36489, parent 36486) has STARTED
Process 3 received all STARTED messages
Process 3 has DONE its work
Process 3 received all DONE messages
Process 1 (pid 36497, parent 36496) has STARTED
Process 1 received all STARTED messages
Process 1 has DONE its work
Process 1 received all DONE messages
Process 3 (pid 36499, parent 36496) has STARTED
Process 3 received all STARTED messages
Process 3 has DONE its work
Process 3 received all DONE messages
Process 1 (pid 36543, parent 36542) has STARTED
Process 1 received all STARTED messages
Process 1 has DONE its work
Process 1 received all DONE messages
Process 3 (pid 36545, parent 36542) has STARTED
Process 3 received all STARTED messages
Process 3 has DONE its work
Process 3 received all DONE messages
Process 1 (pid 36672, parent 36671) has STARTED
Process 1 received all STARTED messages
Process 1 has DONE its work
Process 1 received all DONE messages
Process 3 (pid 36674, parent 36671) has STARTED
Process 3 received all STARTED messages
Process 3 has DONE its work
Process 3 received all DONE messages
Process 1 (pid 37054, parent 37053) has STARTED
Process 1 received all STARTED messages
Process 1 has DONE its work
Process 1 received all DONE messages
Process 3 (pid 37056, parent 37053) has STARTED
Process 3 received all STARTED messages
Process 3 has DONE its work
Process 3 received all DONE messages
Process 1 (pid 37132, parent 37131) has STARTED
Process 1 received all STARTED messages
Process 1 has DONE its work
Process 1 received all DONE messages
Process 3 (pid 37134, parent 37131) has STARTED
Process 3 received all STARTED messages
Process 3 has DONE its work
Process 3 received all DONE messages
Process 1 (pid 37187, parent 37186) has STARTED
Process 1 received all STARTED messages
Process 1 has DONE its work
Process 1 received all DONE messages
Process 3 (pid 37189, parent 37186) has STARTED
Process 3 received all STARTED messages
Process 3 has DONE its work
Process 3 received all DONE messages
Process 1 (pid 37222, parent 37221) has STARTED
Process 1 received all STARTED messages
Process 1 has DONE its work
Process 1 received all DONE messages
Process 3 (pid 37224, parent 37221) has STARTED
Process 3 received all STARTED messages
Process 3 has DONE its work
Process 3 received all DONE messages
Process 1 (pid 37468, parent 37467) has STARTED
Process 1 received all STARTED messages
Process 1 has DONE its work
Process 1 received all DONE messages
Process 3 (pid 37470, parent 37467) has STARTED
Process 3 received all STARTED messages
Process 3 has DONE its work
Process 3 received all DONE messages
Process 1 (pid 37820, parent 37819) has STARTED
Process 1 received all STARTED messages
Process 1 has DONE its work
Process 1 received all DONE messages
Process 1 (pid 37871, parent 37870) has STARTED
Process 1 received all STARTED messages
Process 1 has DONE its work
Process 1 received all DONE messages
Process 1 (pid 37988, parent 37987) has STARTED
Process 1 received all STARTED messages
Process 1 has DONE its work
Process 1 received all DONE messages
Process 1 (pid 38027, parent 38026) has STARTED
Process 1 received all STARTED messages
Process 1 has DONE its work
Process 1 received all DONE messages
Process 1 (pid 38036, parent 38035) has STARTED
Process 1 received all STARTED messages
Process 1 has DONE its work
Process 1 received all DONE messages
Process 1 (pid 38416, parent 38415) has STARTED
Process 1 received all STARTED messages
Process 1 has DONE its work
Process 1 received all DONE messages
Process 3 (pid 38418, parent 38415) has STARTED
Process 3 received all STARTED messages
Process 3 has DONE its work
Process 3 received all DONE messages
Process 1 (pid 38494, parent 38493) has STARTED
Process 1 received all STARTED messages
Process 1 has DONE its work
Process 1 received all DONE messages
Process 3 (pid 38496, parent 38493) has STARTED
Process 3 received all STARTED messages
Process 3 has DONE its work
Process 3 received all DONE messages
Process 1 (pid 38544, parent 38543) has STARTED
Process 1 received all STARTED messages
Process 1 has DONE its work
Process 1 received all DONE messages
Process 3 (pid 38546, parent 38543) has STARTED
Process 3 received all STARTED messages
Process 3 has DONE its work
Process 3 received all DONE messages
Process 1 (pid 38600, parent 38599) has STARTED
Process 1 received all STARTED messages
Process 1 has DONE its work
Process 1 received all DONE messages
Process 2 (pid 38601, parent 38599) has STARTED
Process 2 received all STARTED messages
Process 2 has DONE its work
Process 2 received all DONE messages
Process 3 (pid 38602, parent 38599) has STARTED
Process 3 received all STARTED messages
Process 3 has DONE its work
Process 3 received all DONE messages
Process 1 (pid 38853, parent 38852) has STARTED
Process 1 received all STARTED messages
Process 1 has DONE its work
Process 1 received all DONE messages
Process 5 (pid 38857, parent 38852) has STARTED
Process 5 received all STARTED messages
Process 5 has DONE its work
Process 5 received all DONE messages
Process 9 (pid 38861, parent 38852) has STARTED
Process 9 received all STARTED messages
Process 9 has DONE its work
Process 9 received all DONE messages
Process 2 (pid 39145, parent 39143) has STARTED
Process 2 received all STARTED messages
Process 2 has DONE its work
Process 2 received all DONE messages
Process 1 (pid 39144, parent 39143) has STARTED
Process 1 received all STARTED messages
Process 1 has DONE its work
Process 1 received all DONE messages
Process 9 (pid 39152, parent 39143) has STARTED
Process 9 received all STARTED messages
Process 9 has DONE its work
Process 9 received all DONE messages
Process 1 (pid 39180, parent 39179) has STARTED
Process 1 received all STARTED messages
Process 1 has DONE its work
Process 1 received all DONE messages
Process 2 (pid 39181, parent 39179) has STARTED
Process 2 received all STARTED messages
Process 2 has DONE its work
Process 2 received all DONE messages
Process 3 (pid 39182, parent 39179) has STARTED
Process 3 received all STARTED messages
Process 3 has DONE its work
Process 3 received all DONE messages
Process 4 (pid 39183, parent 39179) has STARTED
Process 4 received all STARTED messages
Process 4 has DONE its work
Process 4 received all DONE messages
Process 9 (pid 39188, parent 39179) has STARTED
Process 9 received all STARTED messages
Process 9 has DONE its work
Process 9 received all DONE messages
Process 1 (pid 39508, parent 39507) has STARTED
Process 1 received all STARTED messages
Process 1 has DONE its work
Process 1 received all DONE messages
Process 3 (pid 39510, parent 39507) has STARTED
Process 3 received all STARTED messages
Process 3 has DONE its work
Process 3 received all DONE messages
Process 1 (pid 39689, parent 39688) has STARTED
Process 1 received all STARTED messages
Process 1 has DONE its work
Process 1 received all DONE messages
Process 2 (pid 39690, parent 39688) has STARTED
Process 2 received all STARTED messages
Process 2 has DONE its work
Process 2 received all DONE messages
Process 1 (pid 39920, parent 39919) has STARTED
Process 1 received all STARTED messages
Process 1 has DONE its work
Process 1 received all DONE messages
Process 3 (pid 39922, parent 39919) has STARTED
Process 3 received all STARTED messages
Process 3 has DONE its work
Process 3 received all DONE messages
Process 2 (pid 39921, parent 39919) has STARTED
Process 2 received all STARTED messages
Process 2 has DONE its work
Process 2 received all DONE messages
Process 2 (pid 39929, parent 39927) has STARTED
Process 2 received all STARTED messages
Process 2 has DONE its work
Process 2 received all DONE messages
Process 1 (pid 39928, parent 39927) has STARTED
Process 1 received all STARTED messages
Process 1 has DONE its work
Process 1 received all DONE messages
Process 4 (pid 39931, parent 39927) has STARTED
Process 4 received all STARTED messages
Process 4 has DONE its work
Process 4 received all DONE messages
Process 3 (pid 39930, parent 39927) has STARTED
Process 3 received all STARTED messages
Process 3 has DONE its work
Process 3 received all DONE messages
Process 5 (pid 39932, parent 39927) has STARTED
Process 5 received all STARTED messages
Process 5 has DONE its work
Process 5 received all DONE messages
Process 6 (pid 39933, parent 39927) has STARTED
Process 6 received all STARTED messages
Process 6 has DONE its work
Process 6 received all DONE messages
Process 7 (pid 39934, parent 39927) has STARTED
Process 7 received all STARTED messages
Process 7 has DONE its work
Process 7 received all DONE messages
Process 9 (pid 39936, parent 39927) has STARTED
Process 9 received all STARTED messages
Process 9 has DONE its work
Process 9 received all DONE messages
Process 8 (pid 39935, parent 39927) has STARTED
Process 8 received all STARTED messages
Process 8 has DONE its work
Process 8 received all DONE messages
Process 1 (pid 39997, parent 39996) has STARTED
Process 1 received all STARTED messages
Process 1 has DONE its work
Process 1 received all DONE messages
Process 3 (pid 39999, parent 39996) has STARTED
Process 3 received all STARTED messages
Process 3 has DONE its work
Process 3 received all DONE messages
Process 2 (pid 39998, parent 39996) has STARTED
Process 2 received all STARTED messages
Process 2 has DONE its work
Process 2 received all DONE messages
Process 4 (pid 40000, parent 39996) has STARTED
Process 4 received all STARTED messages
Process 4 has DONE its work
Process 4 received all DONE messages
Process 5 (pid 40001, parent 39996) has STARTED
Process 5 received all STARTED messages
Process 5 has DONE its work
Process 5 received all DONE messages
Process 6 (pid 40002, parent 39996) has STARTED
Process 6 received all STARTED messages
Process 6 has DONE its work
Process 6 received all DONE messages
Process 7 (pid 40003, parent 39996) has STARTED
Process 7 received all STARTED messages
Process 7 has DONE its work
Process 7 received all DONE messages
Process 8 (pid 40004, parent 39996) has STARTED
Process 8 received all STARTED messages
Process 8 has DONE its work
Process 8 received all DONE messages
Process 9 (pid 40005, parent 39996) has STARTED
Process 9 received all STARTED messages
Process 9 has DONE its work
Process 9 received all DONE messages
